Using pre-set license
Built from '2020.2/staging' branch; Version is '2020.2.7f1 (c53830e277f1) revision 12924976'; Using compiler version '192528614'; Build Type 'Release'
OS: 'Windows 10 Home; OS build 19042.844; Version 2009; 64bit' Language: 'en' Physical Memory: 8081 MB
BatchMode: 1, IsHumanControllingUs: 0, StartBugReporterOnCrash: 0, Is64bit: 1, IsPro: 0

 COMMAND LINE ARGUMENTS:
C:\Program Files\Unity\Hub\Editor\2020.2.7f1\Editor\Unity.exe
-adb2
-batchMode
-noUpm
-name
AssetImportWorker0
-projectPath
D:/Gits/Shooty-boi/Shooty boi
-logFile
Logs/AssetImportWorker0.log
-srvPort
62564
Successfully changed project path to: D:/Gits/Shooty-boi/Shooty boi
D:/Gits/Shooty-boi/Shooty boi
Using Asset Import Pipeline V2.
Refreshing native plugins compatible for Editor in 49.89 ms, found 0 plugins.
Preloading 0 native plugins for Editor in 0.00 ms.
Initialize engine version: 2020.2.7f1 (c53830e277f1)
[Subsystems] Discovering subsystems at path C:/Program Files/Unity/Hub/Editor/2020.2.7f1/Editor/Data/Resources/UnitySubsystems
[Subsystems] Discovering subsystems at path D:/Gits/Shooty-boi/Shooty boi/Assets
GfxDevice: creating device client; threaded=0
Direct3D:
    Version:  Direct3D 11.0 [level 11.1]
    Renderer: NVIDIA GeForce GTX 1050 Ti (ID=0x1c8c)
    Vendor:   
    VRAM:     4019 MB
    Driver:   27.21.14.6172
Initialize mono
Mono path[0] = 'C:/Program Files/Unity/Hub/Editor/2020.2.7f1/Editor/Data/Managed'
Mono path[1] = 'C:/Program Files/Unity/Hub/Editor/2020.2.7f1/Editor/Data/MonoBleedingEdge/lib/mono/unityjit'
Mono config path = 'C:/Program Files/Unity/Hub/Editor/2020.2.7f1/Editor/Data/MonoBleedingEdge/etc'
Using monoOptions --debugger-agent=transport=dt_socket,embedding=1,server=y,suspend=n,address=127.0.0.1:56832
Begin MonoManager ReloadAssembly
Registering precompiled unity dll's ...
Register platform support module: C:/Program Files/Unity/Hub/Editor/2020.2.7f1/Editor/Data/PlaybackEngines/WebGLSupport/UnityEditor.WebGL.Extensions.dll
Register platform support module: C:/Program Files/Unity/Hub/Editor/2020.2.7f1/Editor/Data/PlaybackEngines/WindowsStandaloneSupport/UnityEditor.WindowsStandalone.Extensions.dll
Registered in 0.005952 seconds.
Native extension for WindowsStandalone target not found
Native extension for WebGL target not found
Refreshing native plugins compatible for Editor in 43.13 ms, found 0 plugins.
Preloading 0 native plugins for Editor in 0.00 ms.
Invoked RoslynAnalysisRunner static constructor.
RoslynAnalysisRunner will not be running.
RoslynAnalysisRunner has terminated.
Mono: successfully reloaded assembly
- Completed reload, in  4.803 seconds
Platform modules already initialized, skipping
Registering precompiled user dll's ...
Registered in 0.018362 seconds.
Begin MonoManager ReloadAssembly
Native extension for WindowsStandalone target not found
Native extension for WebGL target not found
Refreshing native plugins compatible for Editor in 25.85 ms, found 0 plugins.
Preloading 0 native plugins for Editor in 0.00 ms.
Invoked RoslynAnalysisRunner static constructor.
RoslynAnalysisRunner will not be running.
RoslynAnalysisRunner has terminated.
Mono: successfully reloaded assembly
- Completed reload, in  1.551 seconds
Platform modules already initialized, skipping
========================================================================
Worker process is ready to serve import requests
Launched and connected shader compiler UnityShaderCompiler.exe after 0.07 seconds
Refreshing native plugins compatible for Editor in 0.26 ms, found 0 plugins.
Preloading 0 native plugins for Editor in 0.00 ms.
Unloading 1517 Unused Serialized files (Serialized files now loaded: 0)
System memory in use before: 70.6 MB.
System memory in use after: 70.7 MB.

Unloading 12 unused Assets to reduce memory usage. Loaded Objects now: 1961.
Total: 2.262000 ms (FindLiveObjects: 0.283200 ms CreateObjectMapping: 0.100700 ms MarkObjects: 1.804700 ms  DeleteObjects: 0.072000 ms)

========================================================================
Received Import Request.
  path: Assets/Assets.index
  artifactKey: Guid(edac5a81547398449bd081cf7616b3dd) Importer(815301076,1909f56bfc062723c751e8b465ee728b)
Start importing Assets/Assets.index using Guid(edac5a81547398449bd081cf7616b3dd) Importer(815301076,1909f56bfc062723c751e8b465ee728b)  -> (artifact id: 'eb0e2d97ed5e2f5e14c6b41f975050e3') in 0.084546 seconds
  Import took 0.112014 seconds .

========================================================================
Received Import Request.
  Time since last request: 0.000372 seconds.
  path: Assets/Prefab
  artifactKey: Guid(44309122f87a83145a0a7e9547466187) Importer(815301076,1909f56bfc062723c751e8b465ee728b)
Start importing Assets/Prefab using Guid(44309122f87a83145a0a7e9547466187) Importer(815301076,1909f56bfc062723c751e8b465ee728b)  -> (artifact id: '8c93c4965608bc55c3b191a41d838af5') in 0.004771 seconds
  Import took 0.040574 seconds .

========================================================================
Received Import Request.
  Time since last request: 2.384383 seconds.
  path: Assets
  artifactKey: Guid(00000000000000001000000000000000) Importer(815301076,1909f56bfc062723c751e8b465ee728b)
Start importing Assets using Guid(00000000000000001000000000000000) Importer(815301076,1909f56bfc062723c751e8b465ee728b)  -> (artifact id: 'f89434ac489deb914593f829e0a47671') in 0.035415 seconds
  Import took 0.055080 seconds .

========================================================================
Received Import Request.
  Time since last request: 3.880290 seconds.
  path: Assets/Scripts
  artifactKey: Guid(e626705f8cd181346876c890532a077d) Importer(815301076,1909f56bfc062723c751e8b465ee728b)
Start importing Assets/Scripts using Guid(e626705f8cd181346876c890532a077d) Importer(815301076,1909f56bfc062723c751e8b465ee728b)  -> (artifact id: '9f2023335abb82c1c8d1b3235c045e57') in 0.004459 seconds
  Import took 0.114654 seconds .

========================================================================
Received Import Request.
  Time since last request: 24.057789 seconds.
  path: Assets/New Folder
  artifactKey: Guid(194fda308c45a794aaaba236f0775566) Importer(815301076,1909f56bfc062723c751e8b465ee728b)
Start importing Assets/New Folder using Guid(194fda308c45a794aaaba236f0775566) Importer(815301076,1909f56bfc062723c751e8b465ee728b)  -> (artifact id: 'a1d08802f35cb2b1e17510a789169689') in 0.005003 seconds
  Import took 0.007787 seconds .

========================================================================
Received Import Request.
  Time since last request: 11.383077 seconds.
  path: Assets/Assets.index
  artifactKey: Guid(edac5a81547398449bd081cf7616b3dd) Importer(815301076,1909f56bfc062723c751e8b465ee728b)
Start importing Assets/Assets.index using Guid(edac5a81547398449bd081cf7616b3dd) Importer(815301076,1909f56bfc062723c751e8b465ee728b)  -> (artifact id: '96973214a9dc7552afe447530456bf38') in 0.007328 seconds
  Import took 0.029868 seconds .

AssetImportWorkerClient::OnTransportError - code=2 error=End of file
