Using pre-set license
Built from '2020.2/staging' branch; Version is '2020.2.7f1 (c53830e277f1) revision 12924976'; Using compiler version '192528614'; Build Type 'Release'
OS: 'Windows 10 Home; OS build 19042.844; Version 2009; 64bit' Language: 'en' Physical Memory: 8081 MB
BatchMode: 1, IsHumanControllingUs: 0, StartBugReporterOnCrash: 0, Is64bit: 1, IsPro: 0

 COMMAND LINE ARGUMENTS:
C:\Program Files\Unity\Hub\Editor\2020.2.7f1\Editor\Unity.exe
-adb2
-batchMode
-noUpm
-name
AssetImportWorker0
-projectPath
D:/Gits/Shooty-game/Shooty boi
-logFile
Logs/AssetImportWorker0.log
-srvPort
56764
Successfully changed project path to: D:/Gits/Shooty-game/Shooty boi
D:/Gits/Shooty-game/Shooty boi
Using Asset Import Pipeline V2.
Refreshing native plugins compatible for Editor in 28.79 ms, found 0 plugins.
Preloading 0 native plugins for Editor in 0.00 ms.
Initialize engine version: 2020.2.7f1 (c53830e277f1)
[Subsystems] Discovering subsystems at path C:/Program Files/Unity/Hub/Editor/2020.2.7f1/Editor/Data/Resources/UnitySubsystems
[Subsystems] Discovering subsystems at path D:/Gits/Shooty-game/Shooty boi/Assets
GfxDevice: creating device client; threaded=0
Direct3D:
    Version:  Direct3D 11.0 [level 11.1]
    Renderer: NVIDIA GeForce GTX 1050 Ti (ID=0x1c8c)
    Vendor:   
    VRAM:     4019 MB
    Driver:   27.21.14.6172
Initialize mono
Mono path[0] = 'C:/Program Files/Unity/Hub/Editor/2020.2.7f1/Editor/Data/Managed'
Mono path[1] = 'C:/Program Files/Unity/Hub/Editor/2020.2.7f1/Editor/Data/MonoBleedingEdge/lib/mono/unityjit'
Mono config path = 'C:/Program Files/Unity/Hub/Editor/2020.2.7f1/Editor/Data/MonoBleedingEdge/etc'
Using monoOptions --debugger-agent=transport=dt_socket,embedding=1,server=y,suspend=n,address=127.0.0.1:56264
Begin MonoManager ReloadAssembly
Registering precompiled unity dll's ...
Register platform support module: C:/Program Files/Unity/Hub/Editor/2020.2.7f1/Editor/Data/PlaybackEngines/WebGLSupport/UnityEditor.WebGL.Extensions.dll
Register platform support module: C:/Program Files/Unity/Hub/Editor/2020.2.7f1/Editor/Data/PlaybackEngines/WindowsStandaloneSupport/UnityEditor.WindowsStandalone.Extensions.dll
Registered in 0.002062 seconds.
Native extension for WindowsStandalone target not found
Native extension for WebGL target not found
Refreshing native plugins compatible for Editor in 40.50 ms, found 0 plugins.
Preloading 0 native plugins for Editor in 0.00 ms.
Invoked RoslynAnalysisRunner static constructor.
RoslynAnalysisRunner will not be running.
RoslynAnalysisRunner has terminated.
Mono: successfully reloaded assembly
- Completed reload, in  1.836 seconds
Platform modules already initialized, skipping
Registering precompiled user dll's ...
Registered in 0.000565 seconds.
Begin MonoManager ReloadAssembly
Native extension for WindowsStandalone target not found
Native extension for WebGL target not found
Refreshing native plugins compatible for Editor in 25.92 ms, found 0 plugins.
Preloading 0 native plugins for Editor in 0.00 ms.
Invoked RoslynAnalysisRunner static constructor.
RoslynAnalysisRunner will not be running.
RoslynAnalysisRunner has terminated.
Mono: successfully reloaded assembly
- Completed reload, in  0.890 seconds
Platform modules already initialized, skipping
========================================================================
Worker process is ready to serve import requests
Launched and connected shader compiler UnityShaderCompiler.exe after 0.05 seconds
Refreshing native plugins compatible for Editor in 0.24 ms, found 0 plugins.
Preloading 0 native plugins for Editor in 0.00 ms.
Unloading 1517 Unused Serialized files (Serialized files now loaded: 0)
System memory in use before: 70.6 MB.
System memory in use after: 70.7 MB.

Unloading 12 unused Assets to reduce memory usage. Loaded Objects now: 1961.
Total: 2.060600 ms (FindLiveObjects: 0.234700 ms CreateObjectMapping: 0.086000 ms MarkObjects: 1.661700 ms  DeleteObjects: 0.076500 ms)

========================================================================
Received Import Request.
  path: Assets/Scenes 1
  artifactKey: Guid(4b003c8caccd5e84481f6091f1175822) Importer(815301076,1909f56bfc062723c751e8b465ee728b)
Start importing Assets/Scenes 1 using Guid(4b003c8caccd5e84481f6091f1175822) Importer(815301076,1909f56bfc062723c751e8b465ee728b)  -> (artifact id: '12982aabef8ad4b03d0d7b8aed456608') in 0.003796 seconds
  Import took 0.023099 seconds .

========================================================================
Received Import Request.
  Time since last request: 1.355433 seconds.
  path: Assets/Fonts
  artifactKey: Guid(3ff969b6417561f428be152a4cfbd7ae) Importer(815301076,1909f56bfc062723c751e8b465ee728b)
Start importing Assets/Fonts using Guid(3ff969b6417561f428be152a4cfbd7ae) Importer(815301076,1909f56bfc062723c751e8b465ee728b)  -> (artifact id: '52924f03eca2c5ab8c34279801baea86') in 0.001896 seconds
  Import took 0.011587 seconds .

========================================================================
Received Import Request.
  Time since last request: 3.481213 seconds.
  path: Assets/Materials
  artifactKey: Guid(4b003c8caccd5e84481f6091f1175822) Importer(815301076,1909f56bfc062723c751e8b465ee728b)
Start importing Assets/Materials using Guid(4b003c8caccd5e84481f6091f1175822) Importer(815301076,1909f56bfc062723c751e8b465ee728b)  -> (artifact id: 'c0405d82fd4d5b2144037aecd9cb0c06') in 0.001938 seconds
  Import took 0.017067 seconds .

========================================================================
Received Import Request.
  Time since last request: 3.512373 seconds.
  path: Assets/Assets.index
  artifactKey: Guid(edac5a81547398449bd081cf7616b3dd) Importer(815301076,1909f56bfc062723c751e8b465ee728b)
Start importing Assets/Assets.index using Guid(edac5a81547398449bd081cf7616b3dd) Importer(815301076,1909f56bfc062723c751e8b465ee728b)  -> (artifact id: 'd04655bf224b1a9553f1844c977940fe') in 0.065674 seconds
  Import took 0.077295 seconds .

========================================================================
Received Import Request.
  Time since last request: 1.759118 seconds.
  path: Assets/Assets.index
  artifactKey: Guid(edac5a81547398449bd081cf7616b3dd) Importer(815301076,1909f56bfc062723c751e8b465ee728b)
Start importing Assets/Assets.index using Guid(edac5a81547398449bd081cf7616b3dd) Importer(815301076,1909f56bfc062723c751e8b465ee728b)  -> (artifact id: 'd04655bf224b1a9553f1844c977940fe') in 0.004755 seconds
  Import took 0.007615 seconds .

========================================================================
Received Import Request.
  Time since last request: 2.418848 seconds.
  path: Assets/Animations
  artifactKey: Guid(c1ea9658359641545a279318db4fc9ab) Importer(815301076,1909f56bfc062723c751e8b465ee728b)
Start importing Assets/Animations using Guid(c1ea9658359641545a279318db4fc9ab) Importer(815301076,1909f56bfc062723c751e8b465ee728b)  -> (artifact id: '2629d01d7d3cb7596c17a24ad61b7926') in 0.001426 seconds
  Import took 0.004123 seconds .

========================================================================
Received Import Request.
  Time since last request: 4.518468 seconds.
  path: Assets/Assets.index
  artifactKey: Guid(edac5a81547398449bd081cf7616b3dd) Importer(815301076,1909f56bfc062723c751e8b465ee728b)
Start importing Assets/Assets.index using Guid(edac5a81547398449bd081cf7616b3dd) Importer(815301076,1909f56bfc062723c751e8b465ee728b)  -> (artifact id: 'dd3ee396bff34d6bc7209b01f44ccc59') in 0.003547 seconds
  Import took 0.078847 seconds .

========================================================================
Received Import Request.
  Time since last request: 402.129168 seconds.
  path: ProjectSettings/TagManager.asset
  artifactKey: Guid(00000000000000003000000000000000) Importer(815301076,1909f56bfc062723c751e8b465ee728b)
Start importing ProjectSettings/TagManager.asset using Guid(00000000000000003000000000000000) Importer(815301076,1909f56bfc062723c751e8b465ee728b)  -> (artifact id: '2eaa3349c9e40244e4dab48b70f5f6d6') in 0.003728 seconds
  Import took 0.016464 seconds .

========================================================================
Received Prepare
Registering precompiled user dll's ...
Registered in 0.000745 seconds.
Begin MonoManager ReloadAssembly
Native extension for WindowsStandalone target not found
Native extension for WebGL target not found
Refreshing native plugins compatible for Editor in 0.24 ms, found 0 plugins.
Preloading 0 native plugins for Editor in 0.00 ms.
Invoked RoslynAnalysisRunner static constructor.
RoslynAnalysisRunner will not be running.
RoslynAnalysisRunner has terminated.
Mono: successfully reloaded assembly
- Completed reload, in  0.956 seconds
Platform modules already initialized, skipping
Refreshing native plugins compatible for Editor in 0.29 ms, found 0 plugins.
Preloading 0 native plugins for Editor in 0.00 ms.
Unloading 1512 Unused Serialized files (Serialized files now loaded: 0)
System memory in use before: 70.7 MB.
System memory in use after: 70.8 MB.

Unloading 6 unused Assets to reduce memory usage. Loaded Objects now: 1964.
Total: 1.905200 ms (FindLiveObjects: 0.157900 ms CreateObjectMapping: 0.053300 ms MarkObjects: 1.641800 ms  DeleteObjects: 0.051600 ms)

========================================================================
Received Import Request.
  Time since last request: 94.599438 seconds.
  path: Assets/Assets.index
  artifactKey: Guid(edac5a81547398449bd081cf7616b3dd) Importer(815301076,1909f56bfc062723c751e8b465ee728b)
Start importing Assets/Assets.index using Guid(edac5a81547398449bd081cf7616b3dd) Importer(815301076,1909f56bfc062723c751e8b465ee728b)  -> (artifact id: 'ecb48a2fcad4c211664d028ac76e21a6') in 0.033552 seconds
  Import took 0.057676 seconds .

========================================================================
Received Import Request.
  Time since last request: 0.000236 seconds.
  path: Assets/New Terrain.asset
  artifactKey: Guid(bc8af8f92bdddde47955e274bc57ab90) Importer(815301076,1909f56bfc062723c751e8b465ee728b)
Start importing Assets/New Terrain.asset using Guid(bc8af8f92bdddde47955e274bc57ab90) Importer(815301076,1909f56bfc062723c751e8b465ee728b)  -> (artifact id: 'b1e5efc1ff89a283c862324d8e9918af') in 0.011108 seconds
  Import took 0.014162 seconds .

========================================================================
Received Import Request.
  Time since last request: 5.606713 seconds.
  path: Assets/Assets.index
  artifactKey: Guid(edac5a81547398449bd081cf7616b3dd) Importer(815301076,1909f56bfc062723c751e8b465ee728b)
Start importing Assets/Assets.index using Guid(edac5a81547398449bd081cf7616b3dd) Importer(815301076,1909f56bfc062723c751e8b465ee728b)  -> (artifact id: 'e49fad5e5d6b79eae77887999c3ff881') in 0.004169 seconds
  Import took 0.179727 seconds .

========================================================================
Received Prepare
Registering precompiled user dll's ...
Registered in 0.000994 seconds.
Begin MonoManager ReloadAssembly
Native extension for WindowsStandalone target not found
Native extension for WebGL target not found
Refreshing native plugins compatible for Editor in 0.23 ms, found 0 plugins.
Preloading 0 native plugins for Editor in 0.00 ms.
Invoked RoslynAnalysisRunner static constructor.
RoslynAnalysisRunner will not be running.
RoslynAnalysisRunner has terminated.
Mono: successfully reloaded assembly
- Completed reload, in  0.823 seconds
Platform modules already initialized, skipping
Refreshing native plugins compatible for Editor in 0.27 ms, found 0 plugins.
Preloading 0 native plugins for Editor in 0.00 ms.
Unloading 1512 Unused Serialized files (Serialized files now loaded: 0)
System memory in use before: 71.6 MB.
System memory in use after: 71.1 MB.

Unloading 7 unused Assets to reduce memory usage. Loaded Objects now: 1968.
Total: 2.053900 ms (FindLiveObjects: 0.188700 ms CreateObjectMapping: 0.056100 ms MarkObjects: 1.440900 ms  DeleteObjects: 0.366800 ms)

========================================================================
Received Import Request.
  Time since last request: 203.863506 seconds.
  path: Assets/Materials/Floor.mat
  artifactKey: Guid(264c98a99acb0f14e9a7ca594f12aceb) Importer(815301076,1909f56bfc062723c751e8b465ee728b)
Start importing Assets/Materials/Floor.mat using Guid(264c98a99acb0f14e9a7ca594f12aceb) Importer(815301076,1909f56bfc062723c751e8b465ee728b)  -> (artifact id: '1a099a7f49f6d70a8fc44c7cde993724') in 0.084031 seconds
  Import took 0.092386 seconds .

========================================================================
Received Import Request.
  Time since last request: 19.649570 seconds.
  path: Assets/Materials/Floor.mat
  artifactKey: Guid(264c98a99acb0f14e9a7ca594f12aceb) Importer(815301076,1909f56bfc062723c751e8b465ee728b)
Start importing Assets/Materials/Floor.mat using Guid(264c98a99acb0f14e9a7ca594f12aceb) Importer(815301076,1909f56bfc062723c751e8b465ee728b)  -> (artifact id: 'ccea050043646e336ad60d4c3c7a4aee') in 0.009986 seconds
  Import took 0.063589 seconds .

========================================================================
Received Import Request.
  Time since last request: 3.346778 seconds.
  path: Assets/Assets.index
  artifactKey: Guid(edac5a81547398449bd081cf7616b3dd) Importer(815301076,1909f56bfc062723c751e8b465ee728b)
Start importing Assets/Assets.index using Guid(edac5a81547398449bd081cf7616b3dd) Importer(815301076,1909f56bfc062723c751e8b465ee728b)  -> (artifact id: '94268213fd0a98cf4ff0e71e19822420') in 0.024686 seconds
  Import took 0.037516 seconds .

========================================================================
Received Import Request.
  Time since last request: 485.953148 seconds.
  path: Assets/InputSystem.inputsettings.asset
  artifactKey: Guid(5a8f88c5df0271541aa5731d97e330fd) Importer(815301076,1909f56bfc062723c751e8b465ee728b)
Start importing Assets/InputSystem.inputsettings.asset using Guid(5a8f88c5df0271541aa5731d97e330fd) Importer(815301076,1909f56bfc062723c751e8b465ee728b)  -> (artifact id: 'fd116fc4b134a1c02a157c9c85be7e51') in 0.018700 seconds
  Import took 0.038827 seconds .

========================================================================
Received Import Request.
  Time since last request: 0.007438 seconds.
  path: Assets/InputSystem.inputsettings.asset
  artifactKey: Guid(5a8f88c5df0271541aa5731d97e330fd) Importer(815301076,1909f56bfc062723c751e8b465ee728b)
Start importing Assets/InputSystem.inputsettings.asset using Guid(5a8f88c5df0271541aa5731d97e330fd) Importer(815301076,1909f56bfc062723c751e8b465ee728b)  -> (artifact id: 'fd116fc4b134a1c02a157c9c85be7e51') in 0.001635 seconds
  Import took 0.003863 seconds .

========================================================================
Received Import Request.
  Time since last request: 0.431002 seconds.
  path: Assets/Assets.index
  artifactKey: Guid(edac5a81547398449bd081cf7616b3dd) Importer(815301076,1909f56bfc062723c751e8b465ee728b)
Start importing Assets/Assets.index using Guid(edac5a81547398449bd081cf7616b3dd) Importer(815301076,1909f56bfc062723c751e8b465ee728b)  -> (artifact id: '41a61f2768128cc259493057537889d5') in 0.004481 seconds
  Import took 0.007998 seconds .

========================================================================
Received Import Request.
  Time since last request: 65.354499 seconds.
  path: Assets/Assets.index
  artifactKey: Guid(edac5a81547398449bd081cf7616b3dd) Importer(815301076,1909f56bfc062723c751e8b465ee728b)
Start importing Assets/Assets.index using Guid(edac5a81547398449bd081cf7616b3dd) Importer(815301076,1909f56bfc062723c751e8b465ee728b)  -> (artifact id: '691ad87d802edb55ed9b49314bc970c3') in 0.003372 seconds
  Import took 0.353702 seconds .

========================================================================
Received Import Request.
  Time since last request: 55.961322 seconds.
  path: Assets/Assets.index
  artifactKey: Guid(edac5a81547398449bd081cf7616b3dd) Importer(815301076,1909f56bfc062723c751e8b465ee728b)
Start importing Assets/Assets.index using Guid(edac5a81547398449bd081cf7616b3dd) Importer(815301076,1909f56bfc062723c751e8b465ee728b)  -> (artifact id: 'a44ae6c295810eeed5b985ae493584a7') in 0.004195 seconds
  Import took 0.007683 seconds .

========================================================================
Received Import Request.
  Time since last request: 2113.271311 seconds.
  path: Assets/Input.inputactions
  artifactKey: Guid(d6664af991c512742993c96ee203dd1f) Importer(815301076,1909f56bfc062723c751e8b465ee728b)
Start importing Assets/Input.inputactions using Guid(d6664af991c512742993c96ee203dd1f) Importer(815301076,1909f56bfc062723c751e8b465ee728b)  -> (artifact id: 'ca0018a9ccf07076a363e22e784e3571') in 0.008914 seconds
  Import took 0.017454 seconds .

========================================================================
Received Import Request.
  Time since last request: 0.707837 seconds.
  path: Assets/Assets.index
  artifactKey: Guid(edac5a81547398449bd081cf7616b3dd) Importer(815301076,1909f56bfc062723c751e8b465ee728b)
Start importing Assets/Assets.index using Guid(edac5a81547398449bd081cf7616b3dd) Importer(815301076,1909f56bfc062723c751e8b465ee728b)  -> (artifact id: '6340bbd3bbb5ef529d4604d4753d1e6b') in 0.003421 seconds
  Import took 0.007858 seconds .

========================================================================
Received Import Request.
  Time since last request: 164.631733 seconds.
  path: Assets/Scripts/Input.inputactions
  artifactKey: Guid(d6664af991c512742993c96ee203dd1f) Importer(815301076,1909f56bfc062723c751e8b465ee728b)
Start importing Assets/Scripts/Input.inputactions using Guid(d6664af991c512742993c96ee203dd1f) Importer(815301076,1909f56bfc062723c751e8b465ee728b)  -> (artifact id: 'd13312c85d446fbd24ffcea2b634578d') in 0.004747 seconds
  Import took 0.007989 seconds .

========================================================================
Received Import Request.
  Time since last request: 0.001404 seconds.
  path: Assets/Scripts/Input.inputactions
  artifactKey: Guid(d6664af991c512742993c96ee203dd1f) Importer(815301076,1909f56bfc062723c751e8b465ee728b)
Start importing Assets/Scripts/Input.inputactions using Guid(d6664af991c512742993c96ee203dd1f) Importer(815301076,1909f56bfc062723c751e8b465ee728b)  -> (artifact id: 'd13312c85d446fbd24ffcea2b634578d') in 0.002358 seconds
  Import took 0.005239 seconds .

========================================================================
Received Import Request.
  Time since last request: 39.192373 seconds.
  path: Assets/Scripts/Input.inputactions
  artifactKey: Guid(d6664af991c512742993c96ee203dd1f) Importer(815301076,1909f56bfc062723c751e8b465ee728b)
Start importing Assets/Scripts/Input.inputactions using Guid(d6664af991c512742993c96ee203dd1f) Importer(815301076,1909f56bfc062723c751e8b465ee728b)  -> (artifact id: 'ca42e8f5ea328f423e282829d5b30e0d') in 0.002561 seconds
  Import took 0.005950 seconds .

========================================================================
Received Import Request.
  Time since last request: 0.002076 seconds.
  path: Assets/Scripts/Input.inputactions
  artifactKey: Guid(d6664af991c512742993c96ee203dd1f) Importer(815301076,1909f56bfc062723c751e8b465ee728b)
Start importing Assets/Scripts/Input.inputactions using Guid(d6664af991c512742993c96ee203dd1f) Importer(815301076,1909f56bfc062723c751e8b465ee728b)  -> (artifact id: 'ca42e8f5ea328f423e282829d5b30e0d') in 0.002540 seconds
  Import took 0.005718 seconds .

========================================================================
Received Import Request.
  Time since last request: 93.861369 seconds.
  path: Assets/Scripts/Input.inputactions
  artifactKey: Guid(d6664af991c512742993c96ee203dd1f) Importer(815301076,1909f56bfc062723c751e8b465ee728b)
Start importing Assets/Scripts/Input.inputactions using Guid(d6664af991c512742993c96ee203dd1f) Importer(815301076,1909f56bfc062723c751e8b465ee728b)  -> (artifact id: '8da1db5a1e58f979058698eaaea9f9a3') in 0.003504 seconds
  Import took 0.006362 seconds .

========================================================================
Received Import Request.
  Time since last request: 0.001390 seconds.
  path: Assets/Scripts/Input.inputactions
  artifactKey: Guid(d6664af991c512742993c96ee203dd1f) Importer(815301076,1909f56bfc062723c751e8b465ee728b)
Start importing Assets/Scripts/Input.inputactions using Guid(d6664af991c512742993c96ee203dd1f) Importer(815301076,1909f56bfc062723c751e8b465ee728b)  -> (artifact id: '8da1db5a1e58f979058698eaaea9f9a3') in 0.002815 seconds
  Import took 0.005437 seconds .

========================================================================
Received Import Request.
  Time since last request: 326.781836 seconds.
  path: Assets/Assets.index
  artifactKey: Guid(edac5a81547398449bd081cf7616b3dd) Importer(815301076,1909f56bfc062723c751e8b465ee728b)
Start importing Assets/Assets.index using Guid(edac5a81547398449bd081cf7616b3dd) Importer(815301076,1909f56bfc062723c751e8b465ee728b)  -> (artifact id: '0920a672336dcf6ce2315894c4533007') in 0.005470 seconds
  Import took 0.096315 seconds .

========================================================================
Received Import Request.
  Time since last request: 0.004662 seconds.
  path: Assets/Assets.index
  artifactKey: Guid(edac5a81547398449bd081cf7616b3dd) Importer(815301076,1909f56bfc062723c751e8b465ee728b)
Start importing Assets/Assets.index using Guid(edac5a81547398449bd081cf7616b3dd) Importer(815301076,1909f56bfc062723c751e8b465ee728b)  -> (artifact id: '0920a672336dcf6ce2315894c4533007') in 0.004075 seconds
  Import took 0.006681 seconds .

========================================================================
Received Import Request.
  Time since last request: 477.651041 seconds.
  path: Assets/Scripts/Player.cs
  artifactKey: Guid(abce445f2256b374a9ccd2159942db3f) Importer(815301076,1909f56bfc062723c751e8b465ee728b)
Start importing Assets/Scripts/Player.cs using Guid(abce445f2256b374a9ccd2159942db3f) Importer(815301076,1909f56bfc062723c751e8b465ee728b)  -> (artifact id: 'a0129fd6d6f0eb295c34f905a6388c8a') in 0.012457 seconds
  Import took 0.045911 seconds .

========================================================================
Received Prepare
Registering precompiled user dll's ...
Registered in 0.000590 seconds.
Begin MonoManager ReloadAssembly
Native extension for WindowsStandalone target not found
Native extension for WebGL target not found
Refreshing native plugins compatible for Editor in 0.25 ms, found 0 plugins.
Preloading 0 native plugins for Editor in 0.00 ms.
Invoked RoslynAnalysisRunner static constructor.
RoslynAnalysisRunner will not be running.
RoslynAnalysisRunner has terminated.
Mono: successfully reloaded assembly
- Completed reload, in  0.890 seconds
Platform modules already initialized, skipping
Refreshing native plugins compatible for Editor in 0.23 ms, found 0 plugins.
Preloading 0 native plugins for Editor in 0.00 ms.
Unloading 1513 Unused Serialized files (Serialized files now loaded: 0)
System memory in use before: 74.5 MB.
System memory in use after: 74.6 MB.

Unloading 5 unused Assets to reduce memory usage. Loaded Objects now: 2012.
Total: 2.399800 ms (FindLiveObjects: 0.294000 ms CreateObjectMapping: 0.084700 ms MarkObjects: 1.958500 ms  DeleteObjects: 0.059500 ms)

========================================================================
Received Prepare
Registering precompiled user dll's ...
Registered in 0.000712 seconds.
Begin MonoManager ReloadAssembly
Native extension for WindowsStandalone target not found
Native extension for WebGL target not found
Refreshing native plugins compatible for Editor in 0.23 ms, found 0 plugins.
Preloading 0 native plugins for Editor in 0.00 ms.
Invoked RoslynAnalysisRunner static constructor.
RoslynAnalysisRunner will not be running.
RoslynAnalysisRunner has terminated.
Mono: successfully reloaded assembly
- Completed reload, in  0.859 seconds
Platform modules already initialized, skipping
Refreshing native plugins compatible for Editor in 0.24 ms, found 0 plugins.
Preloading 0 native plugins for Editor in 0.00 ms.
Unloading 1513 Unused Serialized files (Serialized files now loaded: 0)
System memory in use before: 74.5 MB.
System memory in use after: 74.6 MB.

Unloading 5 unused Assets to reduce memory usage. Loaded Objects now: 2015.
Total: 1.916100 ms (FindLiveObjects: 0.194900 ms CreateObjectMapping: 0.110300 ms MarkObjects: 1.554300 ms  DeleteObjects: 0.055300 ms)

========================================================================
Received Import Request.
  Time since last request: 294.963606 seconds.
  path: Assets/Scripts/Player.cs
  artifactKey: Guid(abce445f2256b374a9ccd2159942db3f) Importer(815301076,1909f56bfc062723c751e8b465ee728b)
Start importing Assets/Scripts/Player.cs using Guid(abce445f2256b374a9ccd2159942db3f) Importer(815301076,1909f56bfc062723c751e8b465ee728b)  -> (artifact id: '1bd0d46fd14e73e78f85e808e41e4ce5') in 0.003781 seconds
  Import took 0.006111 seconds .

========================================================================
Received Import Request.
  Time since last request: 148.202158 seconds.
  path: Assets/Scripts/Input.inputactions
  artifactKey: Guid(d6664af991c512742993c96ee203dd1f) Importer(815301076,1909f56bfc062723c751e8b465ee728b)
Start importing Assets/Scripts/Input.inputactions using Guid(d6664af991c512742993c96ee203dd1f) Importer(815301076,1909f56bfc062723c751e8b465ee728b)  -> (artifact id: '7a6db62d6755232cb10050c2cd7d262e') in 0.018820 seconds
  Import took 0.021871 seconds .

========================================================================
Received Prepare
Registering precompiled user dll's ...
Registered in 0.000921 seconds.
Begin MonoManager ReloadAssembly
Native extension for WindowsStandalone target not found
Native extension for WebGL target not found
Refreshing native plugins compatible for Editor in 0.25 ms, found 0 plugins.
Preloading 0 native plugins for Editor in 0.00 ms.
Invoked RoslynAnalysisRunner static constructor.
RoslynAnalysisRunner will not be running.
RoslynAnalysisRunner has terminated.
Mono: successfully reloaded assembly
- Completed reload, in  0.925 seconds
Platform modules already initialized, skipping
Refreshing native plugins compatible for Editor in 0.24 ms, found 0 plugins.
Preloading 0 native plugins for Editor in 0.00 ms.
Unloading 1513 Unused Serialized files (Serialized files now loaded: 0)
System memory in use before: 74.5 MB.
System memory in use after: 74.6 MB.

Unloading 5 unused Assets to reduce memory usage. Loaded Objects now: 2018.
Total: 2.434300 ms (FindLiveObjects: 0.155200 ms CreateObjectMapping: 0.039100 ms MarkObjects: 2.190400 ms  DeleteObjects: 0.048600 ms)

========================================================================
Received Import Request.
  Time since last request: 263.043947 seconds.
  path: Assets/Assets.index
  artifactKey: Guid(edac5a81547398449bd081cf7616b3dd) Importer(815301076,1909f56bfc062723c751e8b465ee728b)
Start importing Assets/Assets.index using Guid(edac5a81547398449bd081cf7616b3dd) Importer(815301076,1909f56bfc062723c751e8b465ee728b)  -> (artifact id: '3d6992a7e2a8b65d11fa6a84dcd841d3') in 0.036537 seconds
  Import took 0.369442 seconds .

========================================================================
Received Prepare
Registering precompiled user dll's ...
Registered in 0.000688 seconds.
Begin MonoManager ReloadAssembly
Native extension for WindowsStandalone target not found
Native extension for WebGL target not found
Refreshing native plugins compatible for Editor in 0.24 ms, found 0 plugins.
Preloading 0 native plugins for Editor in 0.00 ms.
Invoked RoslynAnalysisRunner static constructor.
RoslynAnalysisRunner will not be running.
RoslynAnalysisRunner has terminated.
Mono: successfully reloaded assembly
- Completed reload, in  1.227 seconds
Platform modules already initialized, skipping
Refreshing native plugins compatible for Editor in 0.25 ms, found 0 plugins.
Preloading 0 native plugins for Editor in 0.00 ms.
Unloading 1513 Unused Serialized files (Serialized files now loaded: 0)
System memory in use before: 74.5 MB.
System memory in use after: 74.6 MB.

Unloading 5 unused Assets to reduce memory usage. Loaded Objects now: 2021.
Total: 1.826300 ms (FindLiveObjects: 0.204300 ms CreateObjectMapping: 0.051900 ms MarkObjects: 1.505500 ms  DeleteObjects: 0.061800 ms)

